[ 2018-04-16T22:11:36+08:00 ] ::1 /index.php?m=admin&c=user&a=savePassw
ERR: Think\Model:getPassw方法不存在！

[ 2018-04-16T22:29:56+08:00 ] ::1 /index.php?m=admin&c=user&a=savePassw
ERR: Think\Model:savePass方法不存在！

[ 2018-04-16T22:30:40+08:00 ] ::1 /index.php?m=admin&c=user&a=savePassw
ERR: Think\Model:savePass方法不存在！

[ 2018-04-16T23:04:11+08:00 ] ::1 /index.php?m=admin&c=user&a=watch
ERR: 1064:You have an error in your SQL syntax; check the manual that corresponds to your MySQL server version for the right syntax to use near 'order ON time.id = order.uid INNER JOIN name ON order.username =name.username  W' at line 1
 [ SQL语句 ] : SELECT order.id as id,order.username as username,order.uid as uid,name.name as name,time.stime as stime,time.etime as etime FROM `time` INNER JOIN order ON time.id = order.uid INNER JOIN name ON order.username =name.username  WHERE ( username="11" ) 

[ 2018-04-16T23:05:08+08:00 ] ::1 /index.php?m=admin&c=user&a=watch
ERR: 1064:You have an error in your SQL syntax; check the manual that corresponds to your MySQL server version for the right syntax to use near 'order ON time.id = order.uid INNER JOIN name ON order.username =name.username  W' at line 1
 [ SQL语句 ] : SELECT order.id as id,order.username as username,order.uid as uid,name.name as name,time.stime as stime,time.etime as etime FROM `time` INNER JOIN order ON time.id = order.uid INNER JOIN name ON order.username =name.username  WHERE ( username="11" ) 

[ 2018-04-16T23:07:04+08:00 ] ::1 /index.php?m=admin&c=user&a=watch
ERR: 1064:You have an error in your SQL syntax; check the manual that corresponds to your MySQL server version for the right syntax to use near 'order ON time.id = order.uid INNER JOIN name ON order.username =name.username  W' at line 1
 [ SQL语句 ] : SELECT order.id as id,order.username as username,order.uid as uid,name.name as name,time.stime as stime,time.etime as etime FROM `time` INNER JOIN order ON time.id = order.uid INNER JOIN name ON order.username =name.username  WHERE ( username="11" ) 

[ 2018-04-16T23:07:06+08:00 ] ::1 /index.php?m=admin&c=user&a=watch
ERR: 1064:You have an error in your SQL syntax; check the manual that corresponds to your MySQL server version for the right syntax to use near 'order ON time.id = order.uid INNER JOIN name ON order.username =name.username  W' at line 1
 [ SQL语句 ] : SELECT order.id as id,order.username as username,order.uid as uid,name.name as name,time.stime as stime,time.etime as etime FROM `time` INNER JOIN order ON time.id = order.uid INNER JOIN name ON order.username =name.username  WHERE ( username="11" ) 

[ 2018-04-16T23:11:26+08:00 ] ::1 /index.php?m=admin&c=user&a=watch
ERR: 1064:You have an error in your SQL syntax; check the manual that corresponds to your MySQL server version for the right syntax to use near 'order ON time.id = order.uid INNER JOIN name ON order.username =name.username  W' at line 1
 [ SQL语句 ] : SELECT order.id as id,order.username as username,order.uid as uid,name.name as name,time.stime as stime,time.etime as etime FROM `time` INNER JOIN order ON time.id = order.uid INNER JOIN name ON order.username =name.username  WHERE ( time.username="11" ) 

[ 2018-04-16T23:12:21+08:00 ] ::1 /index.php?m=admin&c=user&a=watch
ERR: 1064:You have an error in your SQL syntax; check the manual that corresponds to your MySQL server version for the right syntax to use near 'order ON time.id = order.uid INNER JOIN name ON order.username =name.username  W' at line 1
 [ SQL语句 ] : SELECT order.id as id,order.username as username,order.uid as uid,name.name as name,time.stime as stime,time.etime as etime FROM `time` INNER JOIN order ON time.id = order.uid INNER JOIN name ON order.username =name.username  WHERE ( time.username="11" ) 

