[ 2018-03-29T15:45:36+08:00 ] ::1 /index.php?m=admin&c=login&a=index
INFO: [ app_begin ] --START--
INFO: Run Behavior\ReadHtmlCache [ RunTime:0.002000s ]
INFO: [ app_begin ] --END-- [ RunTime:0.004001s ]
INFO: [ view_parse ] --START--
INFO: [ template_filter ] --START--
INFO: Run Behavior\ContentReplace [ RunTime:0.000000s ]
INFO: [ template_filter ] --END-- [ RunTime:0.000000s ]
INFO: Run Behavior\ParseTemplate [ RunTime:0.024001s ]
INFO: [ view_parse ] --END-- [ RunTime:0.025001s ]
INFO: [ view_filter ] --START--
INFO: Run Behavior\WriteHtmlCache [ RunTime:0.001001s ]
INFO: [ view_filter ] --END-- [ RunTime:0.001001s ]
INFO: [ app_end ] --START--
INFO: Run Behavior\ShowPageTrace [ RunTime:0.002000s ]
INFO: [ app_end ] --END-- [ RunTime:0.003000s ]

[ 2018-03-29T15:45:39+08:00 ] ::1 /index.php?m=admin&c=login&a=check
INFO: [ app_begin ] --START--
INFO: Run Behavior\ReadHtmlCache [ RunTime:0.002000s ]
INFO: [ app_begin ] --END-- [ RunTime:0.004000s ]

[ 2018-03-29T15:45:47+08:00 ] ::1 /index.php?m=admin&c=login&a=check
INFO: [ app_begin ] --START--
INFO: Run Behavior\ReadHtmlCache [ RunTime:0.002001s ]
INFO: [ app_begin ] --END-- [ RunTime:0.004001s ]

[ 2018-03-29T15:45:48+08:00 ] ::1 /index.php?m=admin&c=login&a=check
INFO: [ app_begin ] --START--
INFO: Run Behavior\ReadHtmlCache [ RunTime:0.002000s ]
INFO: [ app_begin ] --END-- [ RunTime:0.003000s ]
SQL: SHOW COLUMNS FROM `user` [ RunTime:0.044002s ]
SQL: SELECT * FROM `user` WHERE ( username="11" ) LIMIT 1   [ RunTime:0.000000s ]

[ 2018-03-29T22:45:07+08:00 ] ::1 /index.php?m=&&m=admin&c=logon&a=login
ERR: 无法加载控制器:Logon

[ 2018-03-29T22:45:17+08:00 ] ::1 /index.php?m=&admin&c=logon&a=login
ERR: 无法加载控制器:Logon

[ 2018-03-29T22:45:24+08:00 ] ::1 /index.php?m=admin&c=logon&a=login
ERR: 无法加载控制器:Logon

[ 2018-03-29T22:45:30+08:00 ] ::1 /index.php?m=admin&c=login&a=login
ERR: 非法操作:login

[ 2018-03-29T22:46:47+08:00 ] ::1 /index.php?m=&c=login&a=index
ERR: 无法加载控制器:Login

