[ 2018-04-08T16:14:53+08:00 ] ::1 /index.php?m=admin&c=user&a=index
ERR: 1146:Table 'mdb.name' doesn't exist
 [ SQL语句 ] : SHOW COLUMNS FROM `name`

[ 2018-04-08T16:19:46+08:00 ] ::1 /index.php?m=admin&c=user&a=order
ERR: 非法操作:order

[ 2018-04-08T19:16:07+08:00 ] ::1 /index.php?m=admin&c=user&a=change
ERR: 1054:Unknown column '$username' in 'where clause'
 [ SQL语句 ] : SELECT * FROM `order` WHERE ( $username="11" ) 

[ 2018-04-08T19:16:08+08:00 ] ::1 /index.php?m=admin&c=user&a=change
ERR: 1054:Unknown column '$username' in 'where clause'
 [ SQL语句 ] : SELECT * FROM `order` WHERE ( $username="11" ) 

[ 2018-04-08T19:16:09+08:00 ] ::1 /index.php?m=admin&c=user&a=change
ERR: 1054:Unknown column '$username' in 'where clause'
 [ SQL语句 ] : SELECT * FROM `order` WHERE ( $username="11" ) 

[ 2018-04-08T19:16:09+08:00 ] ::1 /index.php?m=admin&c=user&a=change
ERR: 1054:Unknown column '$username' in 'where clause'
 [ SQL语句 ] : SELECT * FROM `order` WHERE ( $username="11" ) 

[ 2018-04-08T19:16:10+08:00 ] ::1 /index.php?m=admin&c=user&a=change
ERR: 1054:Unknown column '$username' in 'where clause'
 [ SQL语句 ] : SELECT * FROM `order` WHERE ( $username="11" ) 

[ 2018-04-08T19:16:10+08:00 ] ::1 /index.php?m=admin&c=user&a=change
ERR: 1054:Unknown column '$username' in 'where clause'
 [ SQL语句 ] : SELECT * FROM `order` WHERE ( $username="11" ) 

[ 2018-04-08T19:16:10+08:00 ] ::1 /index.php?m=admin&c=user&a=change
ERR: 1054:Unknown column '$username' in 'where clause'
 [ SQL语句 ] : SELECT * FROM `order` WHERE ( $username="11" ) 

[ 2018-04-08T19:16:11+08:00 ] ::1 /index.php?m=admin&c=user&a=change
ERR: 1054:Unknown column '$username' in 'where clause'
 [ SQL语句 ] : SELECT * FROM `order` WHERE ( $username="11" ) 

[ 2018-04-08T19:16:11+08:00 ] ::1 /index.php?m=admin&c=user&a=change
ERR: 1054:Unknown column '$username' in 'where clause'
 [ SQL语句 ] : SELECT * FROM `order` WHERE ( $username="11" ) 

[ 2018-04-08T19:16:11+08:00 ] ::1 /index.php?m=admin&c=user&a=change
ERR: 1054:Unknown column '$username' in 'where clause'
 [ SQL语句 ] : SELECT * FROM `order` WHERE ( $username="11" ) 

[ 2018-04-08T19:16:12+08:00 ] ::1 /index.php?m=admin&c=user&a=change
ERR: 1054:Unknown column '$username' in 'where clause'
 [ SQL语句 ] : SELECT * FROM `order` WHERE ( $username="11" ) 

[ 2018-04-08T19:16:12+08:00 ] ::1 /index.php?m=admin&c=user&a=change
ERR: 1054:Unknown column '$username' in 'where clause'
 [ SQL语句 ] : SELECT * FROM `order` WHERE ( $username="11" ) 

[ 2018-04-08T19:16:12+08:00 ] ::1 /index.php?m=admin&c=user&a=change
ERR: 1054:Unknown column '$username' in 'where clause'
 [ SQL语句 ] : SELECT * FROM `order` WHERE ( $username="11" ) 

[ 2018-04-08T19:16:13+08:00 ] ::1 /index.php?m=admin&c=user&a=change
ERR: 1054:Unknown column '$username' in 'where clause'
 [ SQL语句 ] : SELECT * FROM `order` WHERE ( $username="11" ) 

[ 2018-04-08T19:16:13+08:00 ] ::1 /index.php?m=admin&c=user&a=change
ERR: 1054:Unknown column '$username' in 'where clause'
 [ SQL语句 ] : SELECT * FROM `order` WHERE ( $username="11" ) 

[ 2018-04-08T19:16:13+08:00 ] ::1 /index.php?m=admin&c=user&a=change
ERR: 1054:Unknown column '$username' in 'where clause'
 [ SQL语句 ] : SELECT * FROM `order` WHERE ( $username="11" ) 

[ 2018-04-08T19:16:13+08:00 ] ::1 /index.php?m=admin&c=user&a=change
ERR: 1054:Unknown column '$username' in 'where clause'
 [ SQL语句 ] : SELECT * FROM `order` WHERE ( $username="11" ) 

[ 2018-04-08T19:16:14+08:00 ] ::1 /index.php?m=admin&c=user&a=change
ERR: 1054:Unknown column '$username' in 'where clause'
 [ SQL语句 ] : SELECT * FROM `order` WHERE ( $username="11" ) 

[ 2018-04-08T19:16:14+08:00 ] ::1 /index.php?m=admin&c=user&a=change
ERR: 1054:Unknown column '$username' in 'where clause'
 [ SQL语句 ] : SELECT * FROM `order` WHERE ( $username="11" ) 

[ 2018-04-08T19:16:15+08:00 ] ::1 /index.php?m=admin&c=user&a=change
ERR: 1054:Unknown column '$username' in 'where clause'
 [ SQL语句 ] : SELECT * FROM `order` WHERE ( $username="11" ) 

[ 2018-04-08T19:16:15+08:00 ] ::1 /index.php?m=admin&c=user&a=change
ERR: 1054:Unknown column '$username' in 'where clause'
 [ SQL语句 ] : SELECT * FROM `order` WHERE ( $username="11" ) 

[ 2018-04-08T19:16:19+08:00 ] ::1 /index.php?m=admin&c=user&a=change
ERR: 1054:Unknown column '$username' in 'where clause'
 [ SQL语句 ] : SELECT * FROM `order` WHERE ( $username="11" ) 

[ 2018-04-08T19:17:14+08:00 ] ::1 /index.php?m=admin&c=user&a=change
ERR: 1054:Unknown column '$username' in 'where clause'
 [ SQL语句 ] : SELECT * FROM `order` WHERE ( $username="11" ) 

[ 2018-04-08T19:17:18+08:00 ] ::1 /index.php?m=admin&c=user&a=change
ERR: 1054:Unknown column '$username' in 'where clause'
 [ SQL语句 ] : SELECT * FROM `order` WHERE ( $username="11" ) 

[ 2018-04-08T19:17:23+08:00 ] ::1 /index.php?m=admin&c=user&a=change
ERR: 1054:Unknown column '$username' in 'where clause'
 [ SQL语句 ] : SELECT * FROM `order` WHERE ( $username="11" ) 

[ 2018-04-08T19:20:22+08:00 ] ::1 /index.php?m=admin&c=user&a=change
ERR: 1054:Unknown column '$username' in 'where clause'
 [ SQL语句 ] : SELECT * FROM `order` WHERE ( $username="11" ) 

[ 2018-04-08T19:20:41+08:00 ] ::1 /index.php?m=admin&c=user&a=change
ERR: 1054:Unknown column '$username' in 'where clause'
 [ SQL语句 ] : SELECT * FROM `order` WHERE ( $username="11" ) 

[ 2018-04-08T19:20:42+08:00 ] ::1 /index.php?m=admin&c=user&a=change
ERR: 1054:Unknown column '$username' in 'where clause'
 [ SQL语句 ] : SELECT * FROM `order` WHERE ( $username="11" ) 

[ 2018-04-08T19:21:11+08:00 ] ::1 /index.php?m=admin&c=user&a=change
ERR: 1054:Unknown column '$username' in 'where clause'
 [ SQL语句 ] : SELECT * FROM `order` WHERE ( $username="11" ) 

[ 2018-04-08T19:21:12+08:00 ] ::1 /index.php?m=admin&c=user&a=change
ERR: 1054:Unknown column '$username' in 'where clause'
 [ SQL语句 ] : SELECT * FROM `order` WHERE ( $username="11" ) 

[ 2018-04-08T19:28:06+08:00 ] ::1 /index.php?m=admin&c=user&a=change
ERR: Think\Model:searchByUsername方法不存在！

[ 2018-04-08T19:28:31+08:00 ] ::1 /index.php?m=admin&c=user&a=change
ERR: Think\Model:searchByUsername方法不存在！

[ 2018-04-08T19:28:32+08:00 ] ::1 /index.php?m=admin&c=user&a=change
ERR: Think\Model:searchByUsername方法不存在！

[ 2018-04-08T19:28:57+08:00 ] ::1 /index.php?m=admin&c=user&a=change
ERR: Think\Model:searchByUsername方法不存在！

[ 2018-04-08T19:28:58+08:00 ] ::1 /index.php?m=admin&c=user&a=change
ERR: Think\Model:searchByUsername方法不存在！

[ 2018-04-08T19:28:58+08:00 ] ::1 /index.php?m=admin&c=user&a=change
ERR: Think\Model:searchByUsername方法不存在！

[ 2018-04-08T19:28:58+08:00 ] ::1 /index.php?m=admin&c=user&a=change
ERR: Think\Model:searchByUsername方法不存在！

[ 2018-04-08T19:28:59+08:00 ] ::1 /index.php?m=admin&c=user&a=change
ERR: Think\Model:searchByUsername方法不存在！

[ 2018-04-08T19:28:59+08:00 ] ::1 /index.php?m=admin&c=user&a=change
ERR: Think\Model:searchByUsername方法不存在！

[ 2018-04-08T19:28:59+08:00 ] ::1 /index.php?m=admin&c=user&a=change
ERR: Think\Model:searchByUsername方法不存在！

[ 2018-04-08T19:28:59+08:00 ] ::1 /index.php?m=admin&c=user&a=change
ERR: Think\Model:searchByUsername方法不存在！

[ 2018-04-08T19:29:00+08:00 ] ::1 /index.php?m=admin&c=user&a=change
ERR: Think\Model:searchByUsername方法不存在！

[ 2018-04-08T19:29:00+08:00 ] ::1 /index.php?m=admin&c=user&a=change
ERR: Think\Model:searchByUsername方法不存在！

[ 2018-04-08T19:29:00+08:00 ] ::1 /index.php?m=admin&c=user&a=change
ERR: Think\Model:searchByUsername方法不存在！

[ 2018-04-08T19:29:01+08:00 ] ::1 /index.php?m=admin&c=user&a=change
ERR: Think\Model:searchByUsername方法不存在！

[ 2018-04-08T19:29:01+08:00 ] ::1 /index.php?m=admin&c=user&a=change
ERR: Think\Model:searchByUsername方法不存在！

[ 2018-04-08T19:29:15+08:00 ] ::1 /index.php?m=admin&c=user&a=change
ERR: Think\Model:searchByUsername方法不存在！

[ 2018-04-08T19:29:29+08:00 ] ::1 /index.php?m=admin&c=user&a=change
ERR: Think\Model:searchByUsername方法不存在！

[ 2018-04-08T19:30:19+08:00 ] ::1 /index.php?m=admin&c=user&a=change
ERR: Think\Model:searchByUsername方法不存在！

[ 2018-04-08T19:30:33+08:00 ] ::1 /index.php?m=admin&c=user&a=change
ERR: Think\Model:searchByUsername方法不存在！

[ 2018-04-08T19:30:34+08:00 ] ::1 /index.php?m=admin&c=user&a=change
ERR: Think\Model:searchByUsername方法不存在！

[ 2018-04-08T19:30:35+08:00 ] ::1 /index.php?m=admin&c=user&a=change
ERR: Think\Model:searchByUsername方法不存在！

[ 2018-04-08T19:31:13+08:00 ] ::1 /index.php?m=admin&c=user&a=change
ERR: Think\Model:searchByUsername方法不存在！

[ 2018-04-08T19:31:55+08:00 ] ::1 /index.php?m=admin&c=user&a=change
ERR: 1054:Unknown column '$username' in 'where clause'
 [ SQL语句 ] : SELECT * FROM `order` WHERE ( $username="11" ) 

[ 2018-04-08T19:32:17+08:00 ] ::1 /index.php?m=admin&c=user&a=change
ERR: 1054:Unknown column '$username' in 'where clause'
 [ SQL语句 ] : SELECT * FROM `order` WHERE ( $username="11" ) 

[ 2018-04-08T19:32:18+08:00 ] ::1 /index.php?m=admin&c=user&a=change
ERR: 1054:Unknown column '$username' in 'where clause'
 [ SQL语句 ] : SELECT * FROM `order` WHERE ( $username="11" ) 

[ 2018-04-08T19:32:19+08:00 ] ::1 /index.php?m=admin&c=user&a=change
ERR: 1054:Unknown column '$username' in 'where clause'
 [ SQL语句 ] : SELECT * FROM `order` WHERE ( $username="11" ) 

[ 2018-04-08T19:32:19+08:00 ] ::1 /index.php?m=admin&c=user&a=change
ERR: 1054:Unknown column '$username' in 'where clause'
 [ SQL语句 ] : SELECT * FROM `order` WHERE ( $username="11" ) 

[ 2018-04-08T19:32:19+08:00 ] ::1 /index.php?m=admin&c=user&a=change
ERR: 1054:Unknown column '$username' in 'where clause'
 [ SQL语句 ] : SELECT * FROM `order` WHERE ( $username="11" ) 

[ 2018-04-08T19:32:20+08:00 ] ::1 /index.php?m=admin&c=user&a=change
ERR: 1054:Unknown column '$username' in 'where clause'
 [ SQL语句 ] : SELECT * FROM `order` WHERE ( $username="11" ) 

[ 2018-04-08T19:32:20+08:00 ] ::1 /index.php?m=admin&c=user&a=change
ERR: 1054:Unknown column '$username' in 'where clause'
 [ SQL语句 ] : SELECT * FROM `order` WHERE ( $username="11" ) 

[ 2018-04-08T19:32:20+08:00 ] ::1 /index.php?m=admin&c=user&a=change
ERR: 1054:Unknown column '$username' in 'where clause'
 [ SQL语句 ] : SELECT * FROM `order` WHERE ( $username="11" ) 

[ 2018-04-08T19:32:20+08:00 ] ::1 /index.php?m=admin&c=user&a=change
ERR: 1054:Unknown column '$username' in 'where clause'
 [ SQL语句 ] : SELECT * FROM `order` WHERE ( $username="11" ) 

[ 2018-04-08T19:32:20+08:00 ] ::1 /index.php?m=admin&c=user&a=change
ERR: 1054:Unknown column '$username' in 'where clause'
 [ SQL语句 ] : SELECT * FROM `order` WHERE ( $username="11" ) 

[ 2018-04-08T19:32:21+08:00 ] ::1 /index.php?m=admin&c=user&a=change
ERR: 1054:Unknown column '$username' in 'where clause'
 [ SQL语句 ] : SELECT * FROM `order` WHERE ( $username="11" ) 

[ 2018-04-08T19:32:21+08:00 ] ::1 /index.php?m=admin&c=user&a=change
ERR: 1054:Unknown column '$username' in 'where clause'
 [ SQL语句 ] : SELECT * FROM `order` WHERE ( $username="11" ) 

[ 2018-04-08T19:32:35+08:00 ] ::1 /index.php?m=admin&c=user&a=change
ERR: 1054:Unknown column '$username' in 'where clause'
 [ SQL语句 ] : SELECT * FROM `order` WHERE ( $username="11" ) 

[ 2018-04-08T19:35:54+08:00 ] ::1 /index.php?m=admin&c=user&a=change
ERR: 1054:Unknown column '$username' in 'where clause'
 [ SQL语句 ] : SELECT * FROM `order` WHERE ( $username="11" ) 

[ 2018-04-08T19:36:47+08:00 ] ::1 /index.php?m=admin&c=user&a=change
ERR: 1054:Unknown column '$username' in 'where clause'
 [ SQL语句 ] : SELECT * FROM `order` WHERE ( $username="11" ) 

[ 2018-04-08T19:36:48+08:00 ] ::1 /index.php?m=admin&c=user&a=change
ERR: 1054:Unknown column '$username' in 'where clause'
 [ SQL语句 ] : SELECT * FROM `order` WHERE ( $username="11" ) 

